\BOOKMARK [0][]{chapter.1}{Introduction and Background}{}
\BOOKMARK [1][-]{section.1.1}{The data recorded at Beamline 4A}{chapter.1}
\BOOKMARK [1][-]{section.1.2}{What does QuickNXS data reduction do?}{chapter.1}
\BOOKMARK [0][]{chapter.2}{User Interface}{}
\BOOKMARK [1][-]{section.2.1}{Overview}{chapter.2}
\BOOKMARK [1][-]{section.2.2}{Menu and toolbar actions}{chapter.2}
\BOOKMARK [1][-]{section.2.3}{The Overview Tab}{chapter.2}
\BOOKMARK [1][-]{section.2.4}{Dock Windows}{chapter.2}
\BOOKMARK [1][-]{section.2.5}{Convenient Parameter Alteration with the Mouse Wheel}{chapter.2}
\BOOKMARK [1][-]{section.2.6}{Plots}{chapter.2}
\BOOKMARK [1][-]{section.2.7}{Data reduction table}{chapter.2}
\BOOKMARK [0][]{chapter.3}{Data Reduction}{}
\BOOKMARK [1][-]{section.3.1}{Open and view a dataset}{chapter.3}
\BOOKMARK [1][-]{section.3.2}{Go full-automatic: Reduction for dummies}{chapter.3}
\BOOKMARK [1][-]{section.3.3}{Quick start: Step-by-step standard reduction}{chapter.3}
\BOOKMARK [2][-]{subsection.3.3.1}{Step 1: Set wavelength normalization from direct beam}{section.3.3}
\BOOKMARK [2][-]{subsection.3.3.2}{Step 2: Define a suitable background- and y-region}{section.3.3}
\BOOKMARK [2][-]{subsection.3.3.3}{Step 3: Normalize total reflection and add the first dataset}{section.3.3}
\BOOKMARK [2][-]{subsection.3.3.4}{Step 4: Add additional datasets and stitch them together}{section.3.3}
\BOOKMARK [2][-]{subsection.3.3.5}{Step 5: Refine the dataset scaling and cutting}{section.3.3}
\BOOKMARK [2][-]{subsection.3.3.6}{Step 6: Export your data}{section.3.3}
\BOOKMARK [1][-]{section.3.4}{Examples}{chapter.3}
\BOOKMARK [1][-]{section.3.5}{Common problems to be aware of}{chapter.3}
\BOOKMARK [0][]{chapter.4}{Advanced Usage}{}
\BOOKMARK [1][-]{section.4.1}{GUI Customization}{chapter.4}
\BOOKMARK [1][-]{section.4.2}{Event mode data}{chapter.4}
\BOOKMARK [1][-]{section.4.3}{Re-reduction of already exported data}{chapter.4}
\BOOKMARK [1][-]{section.4.4}{Overwrite direct beam parameters}{chapter.4}
\BOOKMARK [1][-]{section.4.5}{Advanced background subtraction}{chapter.4}
\BOOKMARK [1][-]{section.4.6}{"Fan"-Reflectivity}{chapter.4}
\BOOKMARK [1][-]{section.4.7}{Off-specular scattering}{chapter.4}
